mode: set
github.com/cyberark/secrets-provider-for-k8s/pkg/secrets/config/config.go:85.76,89.38 3 1
github.com/cyberark/secrets-provider-for-k8s/pkg/secrets/config/config.go:101.2,101.28 1 1
github.com/cyberark/secrets-provider-for-k8s/pkg/secrets/config/config.go:89.38,90.69 1 1
github.com/cyberark/secrets-provider-for-k8s/pkg/secrets/config/config.go:90.69,93.18 3 1
github.com/cyberark/secrets-provider-for-k8s/pkg/secrets/config/config.go:93.18,95.5 1 1
github.com/cyberark/secrets-provider-for-k8s/pkg/secrets/config/config.go:96.9,98.4 1 1
github.com/cyberark/secrets-provider-for-k8s/pkg/secrets/config/config.go:106.85,109.45 2 1
github.com/cyberark/secrets-provider-for-k8s/pkg/secrets/config/config.go:115.2,115.38 1 1
github.com/cyberark/secrets-provider-for-k8s/pkg/secrets/config/config.go:122.2,122.18 1 1
github.com/cyberark/secrets-provider-for-k8s/pkg/secrets/config/config.go:109.45,110.58 1 1
github.com/cyberark/secrets-provider-for-k8s/pkg/secrets/config/config.go:110.58,112.4 1 1
github.com/cyberark/secrets-provider-for-k8s/pkg/secrets/config/config.go:115.38,117.18 2 1
github.com/cyberark/secrets-provider-for-k8s/pkg/secrets/config/config.go:117.18,119.4 1 1
github.com/cyberark/secrets-provider-for-k8s/pkg/secrets/config/config.go:128.89,133.44 3 1
github.com/cyberark/secrets-provider-for-k8s/pkg/secrets/config/config.go:137.2,141.26 4 1
github.com/cyberark/secrets-provider-for-k8s/pkg/secrets/config/config.go:161.2,163.32 3 1
github.com/cyberark/secrets-provider-for-k8s/pkg/secrets/config/config.go:171.2,173.60 3 1
github.com/cyberark/secrets-provider-for-k8s/pkg/secrets/config/config.go:177.2,179.62 3 1
github.com/cyberark/secrets-provider-for-k8s/pkg/secrets/config/config.go:183.2,183.28 1 1
github.com/cyberark/secrets-provider-for-k8s/pkg/secrets/config/config.go:133.44,135.3 1 1
github.com/cyberark/secrets-provider-for-k8s/pkg/secrets/config/config.go:141.26,142.23 1 1
github.com/cyberark/secrets-provider-for-k8s/pkg/secrets/config/config.go:143.12,144.28 1 1
github.com/cyberark/secrets-provider-for-k8s/pkg/secrets/config/config.go:145.13,146.65 1 1
github.com/cyberark/secrets-provider-for-k8s/pkg/secrets/config/config.go:147.11,148.65 1 1
github.com/cyberark/secrets-provider-for-k8s/pkg/secrets/config/config.go:149.11,150.88 1 1
github.com/cyberark/secrets-provider-for-k8s/pkg/secrets/config/config.go:152.8,152.43 1 1
github.com/cyberark/secrets-provider-for-k8s/pkg/secrets/config/config.go:152.43,153.35 1 1
github.com/cyberark/secrets-provider-for-k8s/pkg/secrets/config/config.go:156.3,156.29 1 1
github.com/cyberark/secrets-provider-for-k8s/pkg/secrets/config/config.go:153.35,155.4 1 1
github.com/cyberark/secrets-provider-for-k8s/pkg/secrets/config/config.go:157.8,159.3 1 1
github.com/cyberark/secrets-provider-for-k8s/pkg/secrets/config/config.go:163.32,164.57 1 1
github.com/cyberark/secrets-provider-for-k8s/pkg/secrets/config/config.go:164.57,166.4 1 1
github.com/cyberark/secrets-provider-for-k8s/pkg/secrets/config/config.go:166.9,166.64 1 1
github.com/cyberark/secrets-provider-for-k8s/pkg/secrets/config/config.go:166.64,168.4 1 1
github.com/cyberark/secrets-provider-for-k8s/pkg/secrets/config/config.go:173.60,175.3 1 1
github.com/cyberark/secrets-provider-for-k8s/pkg/secrets/config/config.go:179.62,181.3 1 1
github.com/cyberark/secrets-provider-for-k8s/pkg/secrets/config/config.go:188.52,192.21 3 1
github.com/cyberark/secrets-provider-for-k8s/pkg/secrets/config/config.go:196.2,197.25 2 1
github.com/cyberark/secrets-provider-for-k8s/pkg/secrets/config/config.go:210.2,211.30 2 1
github.com/cyberark/secrets-provider-for-k8s/pkg/secrets/config/config.go:214.2,217.31 3 1
github.com/cyberark/secrets-provider-for-k8s/pkg/secrets/config/config.go:220.2,228.3 2 1
github.com/cyberark/secrets-provider-for-k8s/pkg/secrets/config/config.go:192.21,194.3 1 1
github.com/cyberark/secrets-provider-for-k8s/pkg/secrets/config/config.go:197.25,199.26 2 1
github.com/cyberark/secrets-provider-for-k8s/pkg/secrets/config/config.go:199.26,203.4 3 1
github.com/cyberark/secrets-provider-for-k8s/pkg/secrets/config/config.go:203.9,207.4 3 1
github.com/cyberark/secrets-provider-for-k8s/pkg/secrets/config/config.go:211.30,213.3 1 1
github.com/cyberark/secrets-provider-for-k8s/pkg/secrets/config/config.go:217.31,219.3 1 1
github.com/cyberark/secrets-provider-for-k8s/pkg/secrets/config/config.go:237.89,238.43 1 1
github.com/cyberark/secrets-provider-for-k8s/pkg/secrets/config/config.go:247.2,247.21 1 1
github.com/cyberark/secrets-provider-for-k8s/pkg/secrets/config/config.go:238.43,239.51 1 1
github.com/cyberark/secrets-provider-for-k8s/pkg/secrets/config/config.go:239.51,241.4 1 1
github.com/cyberark/secrets-provider-for-k8s/pkg/secrets/config/config.go:241.9,241.87 1 1
github.com/cyberark/secrets-provider-for-k8s/pkg/secrets/config/config.go:241.87,243.4 1 1
github.com/cyberark/secrets-provider-for-k8s/pkg/secrets/config/config.go:243.9,245.4 1 1
github.com/cyberark/secrets-provider-for-k8s/pkg/secrets/config/config.go:250.102,251.65 1 1
github.com/cyberark/secrets-provider-for-k8s/pkg/secrets/config/config.go:266.2,266.12 1 1
github.com/cyberark/secrets-provider-for-k8s/pkg/secrets/config/config.go:252.15,253.48 1 1
github.com/cyberark/secrets-provider-for-k8s/pkg/secrets/config/config.go:256.16,257.53 1 1
github.com/cyberark/secrets-provider-for-k8s/pkg/secrets/config/config.go:260.18,262.70 2 1
github.com/cyberark/secrets-provider-for-k8s/pkg/secrets/config/config.go:253.48,255.4 1 1
github.com/cyberark/secrets-provider-for-k8s/pkg/secrets/config/config.go:257.53,259.4 1 1
github.com/cyberark/secrets-provider-for-k8s/pkg/secrets/config/config.go:262.70,264.4 1 1
github.com/cyberark/secrets-provider-for-k8s/pkg/secrets/config/config.go:269.99,270.29 1 1
github.com/cyberark/secrets-provider-for-k8s/pkg/secrets/config/config.go:275.2,275.18 1 1
github.com/cyberark/secrets-provider-for-k8s/pkg/secrets/config/config.go:270.29,271.36 1 1
github.com/cyberark/secrets-provider-for-k8s/pkg/secrets/config/config.go:271.36,273.4 1 1
github.com/cyberark/secrets-provider-for-k8s/pkg/secrets/config/config.go:278.54,279.29 1 1
github.com/cyberark/secrets-provider-for-k8s/pkg/secrets/config/config.go:284.2,284.14 1 1
github.com/cyberark/secrets-provider-for-k8s/pkg/secrets/config/config.go:279.29,280.20 1 1
github.com/cyberark/secrets-provider-for-k8s/pkg/secrets/config/config.go:280.20,282.4 1 1
github.com/cyberark/secrets-provider-for-k8s/pkg/secrets/config/config.go:287.84,289.39 2 1
github.com/cyberark/secrets-provider-for-k8s/pkg/secrets/config/config.go:292.2,292.17 1 1
github.com/cyberark/secrets-provider-for-k8s/pkg/secrets/config/config.go:289.39,291.3 1 1
github.com/cyberark/secrets-provider-for-k8s/pkg/secrets/config/config.go:295.44,297.49 2 1
github.com/cyberark/secrets-provider-for-k8s/pkg/secrets/config/config.go:302.2,302.14 1 1
github.com/cyberark/secrets-provider-for-k8s/pkg/secrets/config/config.go:297.49,298.34 1 1
github.com/cyberark/secrets-provider-for-k8s/pkg/secrets/config/config.go:298.34,300.4 1 1
